2025-04-08 19:44:13,703 - models - INFO - Loaded blast furnace dataset with 13 samples
2025-04-08 19:44:13,704 - models - ERROR - Error initializing BlastFurnaceModel: 'Hot_Metal_Temperature'
2025-04-08 19:45:10,372 - models - INFO - Loaded blast furnace dataset with 13 samples
2025-04-08 19:45:10,373 - models - INFO - Feature Statistics:
2025-04-08 19:45:10,389 - models - INFO -        blast_temperature  oxygen_enrichment  coal_injection_rate  top_pressure   moisture  ore_fe_content  sinter_ratio  pellet_ratio  coke_reactivity  hot_metal_si   fuel_rate
count          13.000000          13.000000            13.000000     13.000000  13.000000       13.000000     13.000000     13.000000        13.000000     13.000000   13.000000
mean         1133.046154           5.657692           177.576923      2.183846  19.592308       61.876923     71.607692     19.261538        58.284615      0.478615  448.200000
std             4.856888           0.132926             1.979543      0.029023   0.497429        0.324432      1.200320      0.609013         0.582875      0.016631    3.333167
min          1125.000000           5.450000           174.500000      2.140000  18.800000       61.400000     69.800000     18.300000        57.400000      0.455000  442.800000
25%          1129.500000           5.550000           175.800000      2.160000  19.200000       61.600000     70.500000     18.800000        57.800000      0.465000  445.800000
50%          1133.000000           5.650000           177.500000      2.180000  19.600000       61.900000     71.800000     19.200000        58.300000      0.480000  448.000000
75%          1136.800000           5.780000           179.200000      2.210000  20.000000       62.100000     72.500000     19.800000        58.700000      0.490000  451.000000
max          1140.800000           5.850000           180.500000      2.230000  20.400000       62.400000     73.500000     20.200000        59.200000      0.510000  453.200000
2025-04-08 19:45:10,391 - models - ERROR - Error initializing BlastFurnaceModel: could not convert string to float: '2024-01-01 08:00:00'
2025-04-08 19:46:07,227 - models - INFO - Loaded blast furnace dataset with 13 samples
2025-04-08 19:46:07,228 - models - INFO - Feature Statistics:
2025-04-08 19:46:07,243 - models - INFO -        blast_temperature  oxygen_enrichment  coal_injection_rate  top_pressure   moisture  ore_fe_content  sinter_ratio  pellet_ratio  coke_reactivity  hot_metal_si   fuel_rate
count          13.000000          13.000000            13.000000     13.000000  13.000000       13.000000     13.000000     13.000000        13.000000     13.000000   13.000000
mean         1133.046154           5.657692           177.576923      2.183846  19.592308       61.876923     71.607692     19.261538        58.284615      0.478615  448.200000
std             4.856888           0.132926             1.979543      0.029023   0.497429        0.324432      1.200320      0.609013         0.582875      0.016631    3.333167
min          1125.000000           5.450000           174.500000      2.140000  18.800000       61.400000     69.800000     18.300000        57.400000      0.455000  442.800000
25%          1129.500000           5.550000           175.800000      2.160000  19.200000       61.600000     70.500000     18.800000        57.800000      0.465000  445.800000
50%          1133.000000           5.650000           177.500000      2.180000  19.600000       61.900000     71.800000     19.200000        58.300000      0.480000  448.000000
75%          1136.800000           5.780000           179.200000      2.210000  20.000000       62.100000     72.500000     19.800000        58.700000      0.490000  451.000000
max          1140.800000           5.850000           180.500000      2.230000  20.400000       62.400000     73.500000     20.200000        59.200000      0.510000  453.200000
2025-04-08 19:46:07,301 - models - INFO - Train Performance Metrics:
2025-04-08 19:46:07,301 - models - INFO - R Score: 0.8948
2025-04-08 19:46:07,301 - models - INFO - RMSE: 1.0068
2025-04-08 19:46:07,302 - models - INFO - MAE: 0.8513
2025-04-08 19:46:07,302 - models - INFO - Test Performance Metrics:
2025-04-08 19:46:07,302 - models - INFO - R Score: 0.7987
2025-04-08 19:46:07,303 - models - INFO - RMSE: 1.7646
2025-04-08 19:46:07,303 - models - INFO - MAE: 1.4641
2025-04-08 19:46:07,307 - models - INFO - Feature blast_temperature: 0.0636
2025-04-08 19:46:07,307 - models - INFO - Feature oxygen_enrichment: 0.0913
2025-04-08 19:46:07,307 - models - INFO - Feature coal_injection_rate: 0.0846
2025-04-08 19:46:07,307 - models - INFO - Feature top_pressure: 0.1412
2025-04-08 19:46:07,307 - models - INFO - Feature moisture: 0.1146
2025-04-08 19:46:07,308 - models - INFO - Feature ore_fe_content: 0.0383
2025-04-08 19:46:07,308 - models - INFO - Feature sinter_ratio: 0.0619
2025-04-08 19:46:07,308 - models - INFO - Feature pellet_ratio: 0.1020
2025-04-08 19:46:07,308 - models - INFO - Feature coke_reactivity: 0.1112
2025-04-08 19:46:07,308 - models - INFO - Feature hot_metal_si: 0.0926
2025-04-08 19:46:07,308 - models - INFO - Feature fuel_rate: 0.0987
2025-04-08 19:46:07,310 - models - INFO - Loaded sinter plant dataset with 10 samples
2025-04-08 19:46:07,311 - models - INFO - Feature Statistics:
2025-04-08 19:46:07,329 - models - INFO -         basicity  sio2_content  al2o3_content  mgo_content  bed_height  ignition_temperature  burn_through_temperature  coke_rate  moisture_content  return_fines_ratio  tumbler_index  reducibility_index
count  10.000000     10.000000      10.000000    10.000000   10.000000             10.000000                 10.000000  10.000000         10.000000           10.000000      10.000000           10.000000
mean    1.903000      5.151000       1.860000     1.636000  561.560000           1096.510000               1254.240000   7.562000          6.484000           25.020000      75.000000           68.140000
std     0.046679      0.128015       0.056765     0.055015    8.537004              3.177158                  5.964935   0.143512          0.171088            1.041153       0.793025            0.777746
min     1.830000      4.950000       1.780000     1.550000  547.200000           1092.500000               1245.000000   7.310000          6.250000           23.500000      73.800000           66.900000
25%     1.865000      5.057500       1.815000     1.592500  555.175000           1093.900000               1249.425000   7.457500          6.357500           24.200000      74.350000           67.550000
50%     1.910000      5.150000       1.855000     1.640000  562.900000           1096.100000               1254.750000   7.585000          6.465000           25.000000      75.000000           68.200000
75%     1.937500      5.250000       1.905000     1.677500  568.425000           1099.200000               1258.950000   7.672500          6.610000           25.800000      75.650000           68.750000
max     1.970000      5.350000       1.950000     1.720000  572.800000           1101.300000               1262.800000   7.750000          6.780000           26.700000      76.100000           69.200000
2025-04-08 19:46:07,376 - models - INFO - Cross-validation R scores: [nan nan nan nan nan]
2025-04-08 19:46:07,377 - models - INFO - Mean CV R score: nan  nan
2025-04-08 19:46:07,377 - models - ERROR - Error initializing SinterPlantModel: could not convert string to float: 'SIN0001'
